[90m.github/actions/main/action.yml[39m 11ms (unchanged)
[90m.github/actions/post/action.yml[39m 2ms (unchanged)
[90m.github/actions/pre/action.yml[39m 2ms (unchanged)
[90m.github/workflows/make.yml[39m 3ms (unchanged)
[90m.prettierrc.yaml[39m 3ms (unchanged)
[90m.vscode/tasks.json[39m 37ms (unchanged)
[90mindex.html[39m 29ms (unchanged)
[90mmodule.d.ts[39m 38ms (unchanged)
[90mneo.css[39m 32ms (unchanged)
[90mneo.html[39m 116ms (unchanged)
[90mneo.md[39m 115ms (unchanged)
[90mneo.scss[39m 7ms (unchanged)
[90mpackage-lock.json[39m 20ms (unchanged)
[90mpackage.json[39m 2ms (unchanged)
[90mpage.js[39m 14ms (unchanged)
[90mpage.ts[39m 13ms (unchanged)
[90mREADME.md[39m 25ms (unchanged)
[90mscript.js[39m 47ms (unchanged)
[90mscript.ts[39m 49ms (unchanged)
[90mstyle.css[39m 3ms (unchanged)
[90mstyle.scss[39m 6ms (unchanged)
